<?xml version="1.0" encoding="utf-8"?><testsuites name="pytest tests"><testsuite name="pytest" errors="0" failures="0" skipped="0" tests="9" time="2.620" timestamp="2026-07-04T10:30:43.776456+00:00" hostname="agent-env-a5584d12-c192-40e5-a9bb-6ff62ccfda45"><testcase classname="tests.backend_test" name="test_root" time="0.398" /><testcase classname="tests.backend_test.TestAppointments" name="test_create_appointment_returns_saved_object" time="0.397" /><testcase classname="tests.backend_test.TestAppointments" name="test_create_minimum_required_fields" time="0.062" /><testcase classname="tests.backend_test.TestAppointments" name="test_missing_name_returns_422" time="0.059" /><testcase classname="tests.backend_test.TestAppointments" name="test_missing_email_returns_422" time="0.048" /><testcase classname="tests.backend_test.TestAppointments" name="test_missing_phone_returns_422" time="0.048" /><testcase classname="tests.backend_test.TestAppointments" name="test_missing_treatment_returns_422" time="0.061" /><testcase classname="tests.backend_test.TestAppointments" name="test_invalid_email_returns_422" time="0.057" /><testcase classname="tests.backend_test.TestAppointments" name="test_list_appointments_contains_created" time="0.112" /></testsuite></testsuites>